0 info it worked if it ends with ok
1 verbose cli [ 'node', '/usr/local/bin/npm', 'install', '-g', 'grunt' ]
2 info using npm@1.4.28
3 info using node@v0.10.33
4 verbose cache add [ 'grunt', null ]
5 verbose cache add name=undefined spec="grunt" args=["grunt",null]
6 verbose parsed url { protocol: null,
6 verbose parsed url   slashes: null,
6 verbose parsed url   auth: null,
6 verbose parsed url   host: null,
6 verbose parsed url   port: null,
6 verbose parsed url   hostname: null,
6 verbose parsed url   hash: null,
6 verbose parsed url   search: null,
6 verbose parsed url   query: null,
6 verbose parsed url   pathname: 'grunt',
6 verbose parsed url   path: 'grunt',
6 verbose parsed url   href: 'grunt' }
7 silly lockFile 20ff3fd8-grunt grunt
8 verbose lock grunt /Users/emilmoe/.npm/20ff3fd8-grunt.lock
9 silly lockFile 20ff3fd8-grunt grunt
10 silly lockFile 20ff3fd8-grunt grunt
11 verbose addNamed [ 'grunt', '' ]
12 verbose addNamed [ null, '*' ]
13 silly lockFile 55f1ff24-grunt grunt@
14 verbose lock grunt@ /Users/emilmoe/.npm/55f1ff24-grunt.lock
15 silly addNameRange { name: 'grunt', range: '*', hasData: false }
16 verbose request where is /grunt
17 verbose request registry https://registry.npmjs.org/
18 verbose request id bf7eafd3b5b220b3
19 verbose url raw /grunt
20 verbose url resolving [ 'https://registry.npmjs.org/', './grunt' ]
21 verbose url resolved https://registry.npmjs.org/grunt
22 verbose request where is https://registry.npmjs.org/grunt
23 info trying registry request attempt 1 at 16:46:06
24 verbose etag "5SDOK9VWFPPA6FXH80IUASS0T"
25 http GET https://registry.npmjs.org/grunt
26 http 200 https://registry.npmjs.org/grunt
27 silly registry.get cb [ 200,
27 silly registry.get   { server: 'CouchDB/1.5.0 (Erlang OTP/R16B03)',
27 silly registry.get     etag: '"7CKI18O9OWODH9YK4XKSFL6U3"',
27 silly registry.get     'content-type': 'application/json',
27 silly registry.get     'cache-control': 'max-age=60',
27 silly registry.get     'content-length': '90393',
27 silly registry.get     'accept-ranges': 'bytes',
27 silly registry.get     date: 'Mon, 12 Oct 2015 14:46:05 GMT',
27 silly registry.get     via: '1.1 varnish',
27 silly registry.get     age: '30',
27 silly registry.get     connection: 'keep-alive',
27 silly registry.get     'x-served-by': 'cache-fra1238-FRA',
27 silly registry.get     'x-cache': 'HIT',
27 silly registry.get     'x-cache-hits': '5',
27 silly registry.get     'x-timer': 'S1444661165.973396,VS0,VE0',
27 silly registry.get     vary: 'Accept' } ]
28 silly addNameRange number 2 { name: 'grunt', range: '*', hasData: true }
29 silly addNameRange versions [ 'grunt',
29 silly addNameRange   [ '0.1.0',
29 silly addNameRange     '0.1.1',
29 silly addNameRange     '0.1.2',
29 silly addNameRange     '0.2.0',
29 silly addNameRange     '0.2.1',
29 silly addNameRange     '0.2.2',
29 silly addNameRange     '0.2.3',
29 silly addNameRange     '0.2.4',
29 silly addNameRange     '0.2.5',
29 silly addNameRange     '0.2.6',
29 silly addNameRange     '0.2.7',
29 silly addNameRange     '0.2.8',
29 silly addNameRange     '0.2.9',
29 silly addNameRange     '0.2.10',
29 silly addNameRange     '0.2.11',
29 silly addNameRange     '0.2.12',
29 silly addNameRange     '0.2.13',
29 silly addNameRange     '0.2.14',
29 silly addNameRange     '0.2.15',
29 silly addNameRange     '0.3.0',
29 silly addNameRange     '0.3.1',
29 silly addNameRange     '0.3.2',
29 silly addNameRange     '0.3.3',
29 silly addNameRange     '0.3.4',
29 silly addNameRange     '0.3.5',
29 silly addNameRange     '0.3.6',
29 silly addNameRange     '0.3.7',
29 silly addNameRange     '0.3.8',
29 silly addNameRange     '0.3.9',
29 silly addNameRange     '0.3.10',
29 silly addNameRange     '0.3.11',
29 silly addNameRange     '0.3.12',
29 silly addNameRange     '0.3.13',
29 silly addNameRange     '0.3.14',
29 silly addNameRange     '0.3.15',
29 silly addNameRange     '0.3.16',
29 silly addNameRange     '0.3.17',
29 silly addNameRange     '0.4.0',
29 silly addNameRange     '0.4.1',
29 silly addNameRange     '0.4.2',
29 silly addNameRange     '0.4.3',
29 silly addNameRange     '0.4.4',
29 silly addNameRange     '0.4.5',
29 silly addNameRange     '0.3.13-a',
29 silly addNameRange     '0.4.0-a',
29 silly addNameRange     '0.4.0-rc1',
29 silly addNameRange     '0.4.0-rc2',
29 silly addNameRange     '0.4.0-rc3',
29 silly addNameRange     '0.4.0-rc4',
29 silly addNameRange     '0.4.0-rc5',
29 silly addNameRange     '0.4.0-rc6',
29 silly addNameRange     '0.4.0-rc7',
29 silly addNameRange     '0.4.0-rc8' ] ]
30 verbose addNamed [ 'grunt', '0.4.5' ]
31 verbose addNamed [ '0.4.5', '0.4.5' ]
32 silly lockFile 81abf7ad-grunt-0-4-5 grunt@0.4.5
33 verbose lock grunt@0.4.5 /Users/emilmoe/.npm/81abf7ad-grunt-0-4-5.lock
34 silly lockFile 81abf7ad-grunt-0-4-5 grunt@0.4.5
35 silly lockFile 81abf7ad-grunt-0-4-5 grunt@0.4.5
36 silly lockFile 55f1ff24-grunt grunt@
37 silly lockFile 55f1ff24-grunt grunt@
38 silly resolved [ { name: 'grunt',
38 silly resolved     description: 'The JavaScript Task Runner',
38 silly resolved     version: '0.4.5',
38 silly resolved     author: { name: '"Cowboy" Ben Alman', url: 'http://benalman.com/' },
38 silly resolved     homepage: 'http://gruntjs.com/',
38 silly resolved     repository: { type: 'git', url: 'git://github.com/gruntjs/grunt.git' },
38 silly resolved     bugs: { url: 'http://github.com/gruntjs/grunt/issues' },
38 silly resolved     licenses: [ [Object] ],
38 silly resolved     main: 'lib/grunt',
38 silly resolved     scripts: { test: 'grunt test' },
38 silly resolved     engines: { node: '>= 0.8.0' },
38 silly resolved     keywords:
38 silly resolved      [ 'task',
38 silly resolved        'async',
38 silly resolved        'cli',
38 silly resolved        'minify',
38 silly resolved        'uglify',
38 silly resolved        'build',
38 silly resolved        'lodash',
38 silly resolved        'unit',
38 silly resolved        'test',
38 silly resolved        'qunit',
38 silly resolved        'nodeunit',
38 silly resolved        'server',
38 silly resolved        'init',
38 silly resolved        'scaffold',
38 silly resolved        'make',
38 silly resolved        'jake',
38 silly resolved        'tool' ],
38 silly resolved     dependencies:
38 silly resolved      { async: '~0.1.22',
38 silly resolved        'coffee-script': '~1.3.3',
38 silly resolved        colors: '~0.6.2',
38 silly resolved        dateformat: '1.0.2-1.2.3',
38 silly resolved        eventemitter2: '~0.4.13',
38 silly resolved        'findup-sync': '~0.1.2',
38 silly resolved        glob: '~3.1.21',
38 silly resolved        hooker: '~0.2.3',
38 silly resolved        'iconv-lite': '~0.2.11',
38 silly resolved        minimatch: '~0.2.12',
38 silly resolved        nopt: '~1.0.10',
38 silly resolved        rimraf: '~2.2.8',
38 silly resolved        lodash: '~0.9.2',
38 silly resolved        'underscore.string': '~2.2.1',
38 silly resolved        which: '~1.0.5',
38 silly resolved        'js-yaml': '~2.0.5',
38 silly resolved        exit: '~0.1.1',
38 silly resolved        getobject: '~0.1.0',
38 silly resolved        'grunt-legacy-util': '~0.2.0',
38 silly resolved        'grunt-legacy-log': '~0.1.0' },
38 silly resolved     devDependencies:
38 silly resolved      { temporary: '~0.0.4',
38 silly resolved        'grunt-contrib-jshint': '~0.6.4',
38 silly resolved        'grunt-contrib-nodeunit': '~0.2.0',
38 silly resolved        'grunt-contrib-watch': '~0.5.3',
38 silly resolved        difflet: '~0.2.3',
38 silly resolved        semver: '2.1.0',
38 silly resolved        shelljs: '~0.2.5' },
38 silly resolved     _id: 'grunt@0.4.5',
38 silly resolved     dist:
38 silly resolved      { shasum: '56937cd5194324adff6d207631832a9d6ba4e7f0',
38 silly resolved        tarball: 'http://registry.npmjs.org/grunt/-/grunt-0.4.5.tgz' },
38 silly resolved     _from: 'grunt@',
38 silly resolved     _npmVersion: '1.4.4',
38 silly resolved     _npmUser: { name: 'cowboy', email: 'cowboy@rj3.net' },
38 silly resolved     maintainers: [ [Object], [Object] ],
38 silly resolved     directories: {},
38 silly resolved     _shasum: '56937cd5194324adff6d207631832a9d6ba4e7f0',
38 silly resolved     _resolved: 'https://registry.npmjs.org/grunt/-/grunt-0.4.5.tgz',
38 silly resolved     readme: 'ERROR: No README data found!' } ]
39 info install grunt@0.4.5 into /usr/local/lib
40 info installOne grunt@0.4.5
41 verbose lib/node_modules/grunt unbuild
42 verbose tar unpack /Users/emilmoe/.npm/grunt/0.4.5/package.tgz
43 silly lockFile d04b7634-usr-local-lib-node-modules-grunt tar:///usr/local/lib/node_modules/grunt
44 verbose lock tar:///usr/local/lib/node_modules/grunt /Users/emilmoe/.npm/d04b7634-usr-local-lib-node-modules-grunt.lock
45 silly lockFile f64e19d3-lmoe-npm-grunt-0-4-5-package-tgz tar:///Users/emilmoe/.npm/grunt/0.4.5/package.tgz
46 verbose lock tar:///Users/emilmoe/.npm/grunt/0.4.5/package.tgz /Users/emilmoe/.npm/f64e19d3-lmoe-npm-grunt-0-4-5-package-tgz.lock
47 silly gunzTarPerm modes [ '755', '644' ]
48 error Error: EACCES, mkdir '/usr/local/lib/node_modules/grunt'
48 error  { [Error: EACCES, mkdir '/usr/local/lib/node_modules/grunt']
48 error   errno: 3,
48 error   code: 'EACCES',
48 error   path: '/usr/local/lib/node_modules/grunt',
48 error   fstream_type: 'Directory',
48 error   fstream_path: '/usr/local/lib/node_modules/grunt',
48 error   fstream_class: 'DirWriter',
48 error   fstream_stack:
48 error    [ '/usr/local/lib/node_modules/npm/node_modules/fstream/lib/dir-writer.js:36:23',
48 error      '/usr/local/lib/node_modules/npm/node_modules/mkdirp/index.js:46:53',
48 error      'Object.oncomplete (fs.js:107:15)' ] }
49 error Please try running this command again as root/Administrator.
50 error System Darwin 15.0.0
51 error command "node" "/usr/local/bin/npm" "install" "-g" "grunt"
52 error cwd /Users/emilmoe/Documents/github/angularjs-slider
53 error node -v v0.10.33
54 error npm -v 1.4.28
55 error path /usr/local/lib/node_modules/grunt
56 error fstream_path /usr/local/lib/node_modules/grunt
57 error fstream_type Directory
58 error fstream_class DirWriter
59 error code EACCES
60 error errno 3
61 error stack Error: EACCES, mkdir '/usr/local/lib/node_modules/grunt'
62 error fstream_stack /usr/local/lib/node_modules/npm/node_modules/fstream/lib/dir-writer.js:36:23
62 error fstream_stack /usr/local/lib/node_modules/npm/node_modules/mkdirp/index.js:46:53
62 error fstream_stack Object.oncomplete (fs.js:107:15)
63 verbose exit [ 3, true ]
